  mainGame.cpp
c:\users\james\documents\cmp course\year 2\graphics\coursework\redline la pursuit\game\redline - la pursuit\maingame.cpp(464): warning C4305: 'argument': truncation from 'double' to 'GLfloat'
c:\users\james\documents\cmp course\year 2\graphics\coursework\redline la pursuit\game\redline - la pursuit\maingame.cpp(467): warning C4305: 'argument': truncation from 'double' to 'GLfloat'
c:\users\james\documents\cmp course\year 2\graphics\coursework\redline la pursuit\game\redline - la pursuit\maingame.cpp(473): warning C4305: 'argument': truncation from 'double' to 'GLfloat'
c:\users\james\documents\cmp course\year 2\graphics\coursework\redline la pursuit\game\redline - la pursuit\maingame.cpp(476): warning C4305: 'argument': truncation from 'double' to 'GLfloat'
c:\users\james\documents\cmp course\year 2\graphics\coursework\redline la pursuit\game\redline - la pursuit\maingame.cpp(482): warning C4305: 'argument': truncation from 'double' to 'GLfloat'
c:\users\james\documents\cmp course\year 2\graphics\coursework\redline la pursuit\game\redline - la pursuit\maingame.cpp(483): warning C4305: 'argument': truncation from 'double' to 'GLfloat'
c:\users\james\documents\cmp course\year 2\graphics\coursework\redline la pursuit\game\redline - la pursuit\maingame.cpp(484): warning C4305: 'argument': truncation from 'double' to 'GLfloat'
c:\users\james\documents\cmp course\year 2\graphics\coursework\redline la pursuit\game\redline - la pursuit\maingame.cpp(485): warning C4305: 'argument': truncation from 'double' to 'GLfloat'
c:\users\james\documents\cmp course\year 2\graphics\coursework\redline la pursuit\game\redline - la pursuit\maingame.cpp(496): warning C4305: 'argument': truncation from 'double' to 'GLfloat'
c:\users\james\documents\cmp course\year 2\graphics\coursework\redline la pursuit\game\redline - la pursuit\maingame.cpp(497): warning C4305: 'argument': truncation from 'double' to 'GLfloat'
c:\users\james\documents\cmp course\year 2\graphics\coursework\redline la pursuit\game\redline - la pursuit\maingame.cpp(498): warning C4305: 'argument': truncation from 'double' to 'GLfloat'
c:\users\james\documents\cmp course\year 2\graphics\coursework\redline la pursuit\game\redline - la pursuit\maingame.cpp(499): warning C4305: 'argument': truncation from 'double' to 'GLfloat'
c:\users\james\documents\cmp course\year 2\graphics\coursework\redline la pursuit\game\redline - la pursuit\maingame.cpp(506): warning C4305: 'argument': truncation from 'double' to 'GLfloat'
c:\users\james\documents\cmp course\year 2\graphics\coursework\redline la pursuit\game\redline - la pursuit\maingame.cpp(507): warning C4305: 'argument': truncation from 'double' to 'GLfloat'
c:\users\james\documents\cmp course\year 2\graphics\coursework\redline la pursuit\game\redline - la pursuit\maingame.cpp(583): warning C4305: 'argument': truncation from 'double' to 'GLfloat'
c:\users\james\documents\cmp course\year 2\graphics\coursework\redline la pursuit\game\redline - la pursuit\maingame.cpp(585): warning C4305: 'argument': truncation from 'double' to 'GLfloat'
c:\users\james\documents\cmp course\year 2\graphics\coursework\redline la pursuit\game\redline - la pursuit\maingame.cpp(586): warning C4305: 'argument': truncation from 'double' to 'GLfloat'
c:\users\james\documents\cmp course\year 2\graphics\coursework\redline la pursuit\game\redline - la pursuit\maingame.cpp(592): warning C4305: 'argument': truncation from 'double' to 'GLfloat'
c:\users\james\documents\cmp course\year 2\graphics\coursework\redline la pursuit\game\redline - la pursuit\maingame.cpp(593): warning C4305: 'argument': truncation from 'double' to 'GLfloat'
c:\users\james\documents\cmp course\year 2\graphics\coursework\redline la pursuit\game\redline - la pursuit\maingame.cpp(594): warning C4305: 'argument': truncation from 'double' to 'GLfloat'
c:\users\james\documents\cmp course\year 2\graphics\coursework\redline la pursuit\game\redline - la pursuit\maingame.cpp(595): warning C4305: 'argument': truncation from 'double' to 'GLfloat'
c:\users\james\documents\cmp course\year 2\graphics\coursework\redline la pursuit\game\redline - la pursuit\maingame.cpp(601): warning C4305: 'argument': truncation from 'double' to 'GLfloat'
c:\users\james\documents\cmp course\year 2\graphics\coursework\redline la pursuit\game\redline - la pursuit\maingame.cpp(602): warning C4305: 'argument': truncation from 'double' to 'GLfloat'
c:\users\james\documents\cmp course\year 2\graphics\coursework\redline la pursuit\game\redline - la pursuit\maingame.cpp(604): warning C4305: 'argument': truncation from 'double' to 'GLfloat'
c:\users\james\documents\cmp course\year 2\graphics\coursework\redline la pursuit\game\redline - la pursuit\maingame.cpp(610): warning C4305: 'argument': truncation from 'double' to 'GLfloat'
c:\users\james\documents\cmp course\year 2\graphics\coursework\redline la pursuit\game\redline - la pursuit\maingame.cpp(611): warning C4305: 'argument': truncation from 'double' to 'GLfloat'
c:\users\james\documents\cmp course\year 2\graphics\coursework\redline la pursuit\game\redline - la pursuit\maingame.cpp(612): warning C4305: 'argument': truncation from 'double' to 'GLfloat'
c:\users\james\documents\cmp course\year 2\graphics\coursework\redline la pursuit\game\redline - la pursuit\maingame.cpp(613): warning C4305: 'argument': truncation from 'double' to 'GLfloat'
c:\users\james\documents\cmp course\year 2\graphics\coursework\redline la pursuit\game\redline - la pursuit\maingame.cpp(619): warning C4305: 'argument': truncation from 'double' to 'GLfloat'
c:\users\james\documents\cmp course\year 2\graphics\coursework\redline la pursuit\game\redline - la pursuit\maingame.cpp(620): warning C4305: 'argument': truncation from 'double' to 'GLfloat'
c:\users\james\documents\cmp course\year 2\graphics\coursework\redline la pursuit\game\redline - la pursuit\maingame.cpp(621): warning C4305: 'argument': truncation from 'double' to 'GLfloat'
c:\users\james\documents\cmp course\year 2\graphics\coursework\redline la pursuit\game\redline - la pursuit\maingame.cpp(622): warning C4305: 'argument': truncation from 'double' to 'GLfloat'
c:\users\james\documents\cmp course\year 2\graphics\coursework\redline la pursuit\game\redline - la pursuit\maingame.cpp(628): warning C4305: 'argument': truncation from 'double' to 'GLfloat'
c:\users\james\documents\cmp course\year 2\graphics\coursework\redline la pursuit\game\redline - la pursuit\maingame.cpp(629): warning C4305: 'argument': truncation from 'double' to 'GLfloat'
c:\users\james\documents\cmp course\year 2\graphics\coursework\redline la pursuit\game\redline - la pursuit\maingame.cpp(630): warning C4305: 'argument': truncation from 'double' to 'GLfloat'
c:\users\james\documents\cmp course\year 2\graphics\coursework\redline la pursuit\game\redline - la pursuit\maingame.cpp(631): warning C4305: 'argument': truncation from 'double' to 'GLfloat'
c:\users\james\documents\cmp course\year 2\graphics\coursework\redline la pursuit\game\redline - la pursuit\maingame.cpp(638): warning C4305: 'argument': truncation from 'double' to 'GLfloat'
c:\users\james\documents\cmp course\year 2\graphics\coursework\redline la pursuit\game\redline - la pursuit\maingame.cpp(639): warning C4305: 'argument': truncation from 'double' to 'GLfloat'
c:\users\james\documents\cmp course\year 2\graphics\coursework\redline la pursuit\game\redline - la pursuit\maingame.cpp(640): warning C4305: 'argument': truncation from 'double' to 'GLfloat'
c:\users\james\documents\cmp course\year 2\graphics\coursework\redline la pursuit\game\redline - la pursuit\maingame.cpp(822): warning C4996: 'sprintf': This function or variable may be unsafe. Consider using sprintf_s instead. To disable deprecation, use _CRT_SECURE_NO_WARNINGS. See online help for details.
  c:\program files (x86)\windows kits\10\include\10.0.17134.0\ucrt\stdio.h(1774): note: see declaration of 'sprintf'
c:\users\james\documents\cmp course\year 2\graphics\coursework\redline la pursuit\game\redline - la pursuit\maingame.cpp(876): warning C4996: 'sprintf': This function or variable may be unsafe. Consider using sprintf_s instead. To disable deprecation, use _CRT_SECURE_NO_WARNINGS. See online help for details.
  c:\program files (x86)\windows kits\10\include\10.0.17134.0\ucrt\stdio.h(1774): note: see declaration of 'sprintf'
  sample.vcxproj -> C:\Users\james\Documents\CMP Course\Year 2\Graphics\Coursework\Redline LA Pursuit\Game\Redline - LA Pursuit\Debug\sample.exe
